Determining if the pthread_create exist failed with the following output:
Change Dir: /home/shiqi/catkin_ws/build/mavros_extras/CMakeFiles/CMakeTmp

Run Build Command:"/usr/bin/make" "cmTC_a4f85/fast"
/usr/bin/make -f CMakeFiles/cmTC_a4f85.dir/build.make CMakeFiles/cmTC_a4f85.dir/build
make[1]: Entering directory '/home/shiqi/catkin_ws/build/mavros_extras/CMakeFiles/CMakeTmp'
Building C object CMakeFiles/cmTC_a4f85.dir/CheckSymbolExists.c.o
/usr/bin/cc    -o CMakeFiles/cmTC_a4f85.dir/CheckSymbolExists.c.o   -c /home/shiqi/catkin_ws/build/mavros_extras/CMakeFiles/CMakeTmp/CheckSymbolExists.c
Linking C executable cmTC_a4f85
/usr/bin/cmake -E cmake_link_script CMakeFiles/cmTC_a4f85.dir/link.txt --verbose=1
/usr/bin/cc      -rdynamic CMakeFiles/cmTC_a4f85.dir/CheckSymbolExists.c.o  -o cmTC_a4f85 
CMakeFiles/cmTC_a4f85.dir/CheckSymbolExists.c.o: In function `main':
CheckSymbolExists.c:(.text+0x1b): undefined reference to `pthread_create'
collect2: error: ld returned 1 exit status
CMakeFiles/cmTC_a4f85.dir/build.make:97: recipe for target 'cmTC_a4f85' failed
make[1]: *** [cmTC_a4f85] Error 1
make[1]: Leaving directory '/home/shiqi/catkin_ws/build/mavros_extras/CMakeFiles/CMakeTmp'
Makefile:126: recipe for target 'cmTC_a4f85/fast' failed
make: *** [cmTC_a4f85/fast] Error 2

File /home/shiqi/catkin_ws/build/mavros_extras/CMakeFiles/CMakeTmp/CheckSymbolExists.c:
/* */
#include <pthread.h>

int main(int argc, char** argv)
{
  (void)argv;
#ifndef pthread_create
  return ((int*)(&pthread_create))[argc];
#else
  (void)argc;
  return 0;
#endif
}

Determining if the function pthread_create exists in the pthreads failed with the following output:
Change Dir: /home/shiqi/catkin_ws/build/mavros_extras/CMakeFiles/CMakeTmp

Run Build Command:"/usr/bin/make" "cmTC_e3baa/fast"
/usr/bin/make -f CMakeFiles/cmTC_e3baa.dir/build.make CMakeFiles/cmTC_e3baa.dir/build
make[1]: Entering directory '/home/shiqi/catkin_ws/build/mavros_extras/CMakeFiles/CMakeTmp'
Building C object CMakeFiles/cmTC_e3baa.dir/CheckFunctionExists.c.o
/usr/bin/cc   -DCHECK_FUNCTION_EXISTS=pthread_create   -o CMakeFiles/cmTC_e3baa.dir/CheckFunctionExists.c.o   -c /usr/share/cmake-3.10/Modules/CheckFunctionExists.c
Linking C executable cmTC_e3baa
/usr/bin/cmake -E cmake_link_script CMakeFiles/cmTC_e3baa.dir/link.txt --verbose=1
/usr/bin/cc  -DCHECK_FUNCTION_EXISTS=pthread_create    -rdynamic CMakeFiles/cmTC_e3baa.dir/CheckFunctionExists.c.o  -o cmTC_e3baa -lpthreads 
/usr/bin/ld: cannot find -lpthreads
collect2: error: ld returned 1 exit status
CMakeFiles/cmTC_e3baa.dir/build.make:97: recipe for target 'cmTC_e3baa' failed
make[1]: *** [cmTC_e3baa] Error 1
make[1]: Leaving directory '/home/shiqi/catkin_ws/build/mavros_extras/CMakeFiles/CMakeTmp'
Makefile:126: recipe for target 'cmTC_e3baa/fast' failed
make: *** [cmTC_e3baa/fast] Error 2


