Determining if the pthread_create exist failed with the following output:
Change Dir: /home/shiqi/catkin_ws/build/reference_publisher/CMakeFiles/CMakeTmp

Run Build Command:"/usr/bin/make" "cmTC_f5d54/fast"
/usr/bin/make -f CMakeFiles/cmTC_f5d54.dir/build.make CMakeFiles/cmTC_f5d54.dir/build
make[1]: Entering directory '/home/shiqi/catkin_ws/build/reference_publisher/CMakeFiles/CMakeTmp'
Building C object CMakeFiles/cmTC_f5d54.dir/CheckSymbolExists.c.o
/usr/bin/cc    -o CMakeFiles/cmTC_f5d54.dir/CheckSymbolExists.c.o   -c /home/shiqi/catkin_ws/build/reference_publisher/CMakeFiles/CMakeTmp/CheckSymbolExists.c
Linking C executable cmTC_f5d54
/usr/bin/cmake -E cmake_link_script CMakeFiles/cmTC_f5d54.dir/link.txt --verbose=1
/usr/bin/cc      -rdynamic CMakeFiles/cmTC_f5d54.dir/CheckSymbolExists.c.o  -o cmTC_f5d54 
CMakeFiles/cmTC_f5d54.dir/CheckSymbolExists.c.o: In function `main':
CheckSymbolExists.c:(.text+0x1b): undefined reference to `pthread_create'
collect2: error: ld returned 1 exit status
CMakeFiles/cmTC_f5d54.dir/build.make:97: recipe for target 'cmTC_f5d54' failed
make[1]: *** [cmTC_f5d54] Error 1
make[1]: Leaving directory '/home/shiqi/catkin_ws/build/reference_publisher/CMakeFiles/CMakeTmp'
Makefile:126: recipe for target 'cmTC_f5d54/fast' failed
make: *** [cmTC_f5d54/fast] Error 2

File /home/shiqi/catkin_ws/build/reference_publisher/CMakeFiles/CMakeTmp/CheckSymbolExists.c:
/* */
#include <pthread.h>

int main(int argc, char** argv)
{
  (void)argv;
#ifndef pthread_create
  return ((int*)(&pthread_create))[argc];
#else
  (void)argc;
  return 0;
#endif
}

Determining if the function pthread_create exists in the pthreads failed with the following output:
Change Dir: /home/shiqi/catkin_ws/build/reference_publisher/CMakeFiles/CMakeTmp

Run Build Command:"/usr/bin/make" "cmTC_82afb/fast"
/usr/bin/make -f CMakeFiles/cmTC_82afb.dir/build.make CMakeFiles/cmTC_82afb.dir/build
make[1]: Entering directory '/home/shiqi/catkin_ws/build/reference_publisher/CMakeFiles/CMakeTmp'
Building C object CMakeFiles/cmTC_82afb.dir/CheckFunctionExists.c.o
/usr/bin/cc   -DCHECK_FUNCTION_EXISTS=pthread_create   -o CMakeFiles/cmTC_82afb.dir/CheckFunctionExists.c.o   -c /usr/share/cmake-3.10/Modules/CheckFunctionExists.c
Linking C executable cmTC_82afb
/usr/bin/cmake -E cmake_link_script CMakeFiles/cmTC_82afb.dir/link.txt --verbose=1
/usr/bin/cc  -DCHECK_FUNCTION_EXISTS=pthread_create    -rdynamic CMakeFiles/cmTC_82afb.dir/CheckFunctionExists.c.o  -o cmTC_82afb -lpthreads 
/usr/bin/ld: cannot find -lpthreads
collect2: error: ld returned 1 exit status
CMakeFiles/cmTC_82afb.dir/build.make:97: recipe for target 'cmTC_82afb' failed
make[1]: *** [cmTC_82afb] Error 1
make[1]: Leaving directory '/home/shiqi/catkin_ws/build/reference_publisher/CMakeFiles/CMakeTmp'
Makefile:126: recipe for target 'cmTC_82afb/fast' failed
make: *** [cmTC_82afb/fast] Error 2


