Determining if the pthread_create exist failed with the following output:
Change Dir: /home/shiqi/catkin_ws/build/mavros/CMakeFiles/CMakeTmp

Run Build Command:"/usr/bin/make" "cmTC_0760d/fast"
/usr/bin/make -f CMakeFiles/cmTC_0760d.dir/build.make CMakeFiles/cmTC_0760d.dir/build
make[1]: Entering directory '/home/shiqi/catkin_ws/build/mavros/CMakeFiles/CMakeTmp'
Building C object CMakeFiles/cmTC_0760d.dir/CheckSymbolExists.c.o
/usr/bin/cc    -o CMakeFiles/cmTC_0760d.dir/CheckSymbolExists.c.o   -c /home/shiqi/catkin_ws/build/mavros/CMakeFiles/CMakeTmp/CheckSymbolExists.c
Linking C executable cmTC_0760d
/usr/bin/cmake -E cmake_link_script CMakeFiles/cmTC_0760d.dir/link.txt --verbose=1
/usr/bin/cc      -rdynamic CMakeFiles/cmTC_0760d.dir/CheckSymbolExists.c.o  -o cmTC_0760d 
CMakeFiles/cmTC_0760d.dir/CheckSymbolExists.c.o: In function `main':
CheckSymbolExists.c:(.text+0x1b): undefined reference to `pthread_create'
collect2: error: ld returned 1 exit status
CMakeFiles/cmTC_0760d.dir/build.make:97: recipe for target 'cmTC_0760d' failed
make[1]: *** [cmTC_0760d] Error 1
make[1]: Leaving directory '/home/shiqi/catkin_ws/build/mavros/CMakeFiles/CMakeTmp'
Makefile:126: recipe for target 'cmTC_0760d/fast' failed
make: *** [cmTC_0760d/fast] Error 2

File /home/shiqi/catkin_ws/build/mavros/CMakeFiles/CMakeTmp/CheckSymbolExists.c:
/* */
#include <pthread.h>

int main(int argc, char** argv)
{
  (void)argv;
#ifndef pthread_create
  return ((int*)(&pthread_create))[argc];
#else
  (void)argc;
  return 0;
#endif
}

Determining if the function pthread_create exists in the pthreads failed with the following output:
Change Dir: /home/shiqi/catkin_ws/build/mavros/CMakeFiles/CMakeTmp

Run Build Command:"/usr/bin/make" "cmTC_a08fe/fast"
/usr/bin/make -f CMakeFiles/cmTC_a08fe.dir/build.make CMakeFiles/cmTC_a08fe.dir/build
make[1]: Entering directory '/home/shiqi/catkin_ws/build/mavros/CMakeFiles/CMakeTmp'
Building C object CMakeFiles/cmTC_a08fe.dir/CheckFunctionExists.c.o
/usr/bin/cc   -DCHECK_FUNCTION_EXISTS=pthread_create   -o CMakeFiles/cmTC_a08fe.dir/CheckFunctionExists.c.o   -c /usr/share/cmake-3.10/Modules/CheckFunctionExists.c
Linking C executable cmTC_a08fe
/usr/bin/cmake -E cmake_link_script CMakeFiles/cmTC_a08fe.dir/link.txt --verbose=1
/usr/bin/cc  -DCHECK_FUNCTION_EXISTS=pthread_create    -rdynamic CMakeFiles/cmTC_a08fe.dir/CheckFunctionExists.c.o  -o cmTC_a08fe -lpthreads 
/usr/bin/ld: cannot find -lpthreads
collect2: error: ld returned 1 exit status
CMakeFiles/cmTC_a08fe.dir/build.make:97: recipe for target 'cmTC_a08fe' failed
make[1]: *** [cmTC_a08fe] Error 1
make[1]: Leaving directory '/home/shiqi/catkin_ws/build/mavros/CMakeFiles/CMakeTmp'
Makefile:126: recipe for target 'cmTC_a08fe/fast' failed
make: *** [cmTC_a08fe/fast] Error 2


